<?xml version="1.0" encoding="UTF-8"?>
<!-- Generated by org.testng.reporters.JUnitReportReporter -->
<testsuite skipped="0" hostname="LP-5CD6518SWX" name="com.test.NewInsuranceAutomobile" tests="1" failures="0" timestamp="02 Jul 2017 17:13:21 GMT" time="37.106" errors="0">
  <testcase name="newAutomobileInsuranceSilver" time="37.106" classname="com.test.NewInsuranceAutomobile"/>
</testsuite> <!-- com.test.NewInsuranceAutomobile -->
